Change Component Designator: Old Designator=P? New Designator=P100
Change Component Designator: Old Designator=P? New Designator=P101
Change Component Designator: Old Designator=R303 New Designator=R104
Change Component Designator: Old Designator=R304 New Designator=R105
Change Component Designator: Old Designator=R305 New Designator=R106
Change Component Designator: Old Designator=R? New Designator=R100
Change Component Designator: Old Designator=R? New Designator=R101
Change Component Designator: Old Designator=R? New Designator=R102
Change Component Designator: Old Designator=R? New Designator=R103
Change Component Designator: Old Designator=RT? New Designator=RT100
Change Component Designator: Old Designator=RT? New Designator=RT101
Change Component Designator: Old Designator=TP100 New Designator=TP101
Change Component Designator: Old Designator=TP100 New Designator=TP102
Change Component Designator: Old Designator=TP100 New Designator=TP103
Change Component Designator: Old Designator=TP100 New Designator=TP104
Change Component Designator: Old Designator=TP100 New Designator=TP105
Change Component Designator: Old Designator=TP101 New Designator=TP106
Change Component Designator: Old Designator=TP101 New Designator=TP107
Change Component Designator: Old Designator=TP101 New Designator=TP108
Change Component Designator: Old Designator=TP101 New Designator=TP109
Change Component Designator: Old Designator=TP101 New Designator=TP110
Change Component Designator: Old Designator=TP101 New Designator=TP111
Change Component Designator: Old Designator=TP101 New Designator=TP115
Change Component Designator: Old Designator=TP102 New Designator=TP114
Change Component Designator: Old Designator=TP103 New Designator=TP113
Change Component Designator: Old Designator=TP104 New Designator=TP112
