Change Component Designator: Old Designator=C100 New Designator=C200
Change Component Designator: Old Designator=C101 New Designator=C201
Change Component Designator: Old Designator=C200 New Designator=C203
Change Component Designator: Old Designator=C201 New Designator=C202
Change Component Designator: Old Designator=C202 New Designator=C204
Change Component Designator: Old Designator=C203 New Designator=C205
Change Component Designator: Old Designator=C204 New Designator=C206
Change Component Designator: Old Designator=D200 New Designator=D201
Change Component Designator: Old Designator=D201 New Designator=D200
Change Component Designator: Old Designator=IC? New Designator=IC201
Change Component Designator: Old Designator=J? New Designator=J200
Change Component Designator: Old Designator=L100 New Designator=L200
Change Component Designator: Old Designator=L101 New Designator=L201
Change Component Designator: Old Designator=L102 New Designator=L202
Change Component Designator: Old Designator=P? New Designator=P200
Change Component Designator: Old Designator=R202 New Designator=R203
Change Component Designator: Old Designator=TP100 New Designator=TP200
Change Component Designator: Old Designator=TP101 New Designator=TP201
Change Component Designator: Old Designator=TP200 New Designator=TP202
Change Component Designator: Old Designator=TP201 New Designator=TP203
Change Component Designator: Old Designator=TP201 New Designator=TP210
Change Component Designator: Old Designator=TP202 New Designator=TP206
Change Component Designator: Old Designator=TP202 New Designator=TP212
Change Component Designator: Old Designator=TP203 New Designator=TP207
Change Component Designator: Old Designator=TP205 New Designator=TP204
Change Component Designator: Old Designator=TP206 New Designator=TP208
Change Component Designator: Old Designator=TP207 New Designator=TP209
Change Component Designator: Old Designator=TP213 New Designator=TP211
