Change Component Designator: Old Designator=C? New Designator=C400
Change Component Designator: Old Designator=C? New Designator=C401
Change Component Designator: Old Designator=C? New Designator=C402
Change Component Designator: Old Designator=C? New Designator=C403
Change Component Designator: Old Designator=C? New Designator=C404
Change Component Designator: Old Designator=C? New Designator=C405
Change Component Designator: Old Designator=IC? New Designator=IC400
Change Component Designator: Old Designator=L? New Designator=L400
Change Component Designator: Old Designator=R? New Designator=R400
Change Component Designator: Old Designator=R? New Designator=R401
Change Component Designator: Old Designator=R? New Designator=R402
Change Component Designator: Old Designator=R? New Designator=R403
Change Component Designator: Old Designator=R? New Designator=R404
Change Component Designator: Old Designator=TP600 New Designator=TP407
Change Component Designator: Old Designator=TP601 New Designator=TP400
Change Component Designator: Old Designator=TP601 New Designator=TP401
Change Component Designator: Old Designator=TP601 New Designator=TP406
Change Component Designator: Old Designator=TP602 New Designator=TP402
Change Component Designator: Old Designator=TP603 New Designator=TP403
Change Component Designator: Old Designator=TP604 New Designator=TP404
Change Component Designator: Old Designator=TP604 New Designator=TP408
Change Component Designator: Old Designator=TP605 New Designator=TP405
